<?xml version="1.0" encoding="UTF-8"?>
<testng-results ignored="0" total="1" passed="1" failed="0" skipped="0">
  <reporter-output>
  </reporter-output>
  <suite started-at="2026-07-24T16:32:55 IST" name="Default suite" finished-at="2026-07-24T16:33:03 IST" duration-ms="7694">
    <groups>
    </groups>
    <test started-at="2026-07-24T16:32:55 IST" name="Default test" finished-at="2026-07-24T16:33:03 IST" duration-ms="7694">
      <class name="Cart_Module.Demo">
        <test-method is-config="true" signature="configBS()[pri:0, instance:Cart_Module.Demo@5aebe890]" started-at="2026-07-24T16:32:55 IST" name="configBS" finished-at="2026-07-24T16:32:55 IST" duration-ms="14" status="PASS">
          <reporter-output>
          </reporter-output>
        </test-method> <!-- configBS -->
        <test-method is-config="true" signature="configBC(org.testng.xml.XmlTest)[pri:0, instance:Cart_Module.Demo@5aebe890]" started-at="2026-07-24T16:32:55 IST" name="configBC" finished-at="2026-07-24T16:33:02 IST" duration-ms="6717" status="PASS">
          <params>
            <param index="0">
              <value>
                <![CDATA[org.testng.xml.XmlTest@a2a59f3f]]>
              </value>
            </param>
          </params>
          <reporter-output>
          </reporter-output>
        </test-method> <!-- configBC -->
        <test-method signature="demoTest()[pri:0, instance:Cart_Module.Demo@5aebe890]" started-at="2026-07-24T16:33:02 IST" name="demoTest" finished-at="2026-07-24T16:33:02 IST" duration-ms="36" status="PASS">
          <reporter-output>
          </reporter-output>
        </test-method> <!-- demoTest -->
        <test-method is-config="true" signature="configAC()[pri:0, instance:Cart_Module.Demo@5aebe890]" started-at="2026-07-24T16:33:02 IST" name="configAC" finished-at="2026-07-24T16:33:03 IST" duration-ms="869" status="PASS">
          <reporter-output>
          </reporter-output>
        </test-method> <!-- configAC -->
        <test-method is-config="true" signature="configAS()[pri:0, instance:Cart_Module.Demo@5aebe890]" started-at="2026-07-24T16:33:03 IST" name="configAS" finished-at="2026-07-24T16:33:03 IST" duration-ms="1" status="PASS">
          <reporter-output>
          </reporter-output>
        </test-method> <!-- configAS -->
      </class> <!-- Cart_Module.Demo -->
    </test> <!-- Default test -->
  </suite> <!-- Default suite -->
</testng-results>
